  stdafx.cpp
  BMPTextureCreate.cpp
  ComandCreate.cpp
  ComputeShadaCreate.cpp
  ConstanceBufferCreate.cpp
  ConstantBufferViewCreate.cpp
  D3D12DeviceCreate.cpp
  DXGIFactoryCreate.cpp
  DepthCreate.cpp
  FenceCreate.cpp
  IndexBufferCreate.cpp
  IndexBufferView.cpp
  PipelineStateCreate.cpp
c:\users\vtyye\desktop\workspace\directx12_work\directx12_6\directx12\directx12\directx12turuliblary\directx12turuliblary\directx12turuliblary\directx12create\pipelinestatecreate.cpp(372): warning C4267: '=': 'size_t' から 'UINT' に変換しました。データが失われているかもしれません。
  RenderTargetCreate.cpp
  ResoceMapUnmap.cpp
  ResourceBarrier.cpp
  RootSignatureCreate.cpp
  SamplerCreate.cpp
  ShadaCreate.cpp
  SwapChainCreate.cpp
  SwapChainViewCreate.cpp
  コンパイル中...
  TextureCreate.cpp
  VertexBufferCreate.cpp
  VertexBufferView.cpp
  WICTexTextureCreate.cpp
  Rand.cpp
  DirectX12TURULiblary.vcxproj -> C:\Users\vtyye\Desktop\WorkSpace\DirectX12_Work\DirectX12_6\DirectX12\DirectX12\DirectX12TURULiblary\DirectX12TURULiblary\x64\Release\DirectX12TURULiblary.lib
