c:\users\vtyye\desktop\workspace\directx12_work\directx12_6\directx12\directx12\directx12turuliblary\directx12turuliblary\directx12turuliblary\x64\release\directx12turuliblary.pch
c:\users\vtyye\desktop\workspace\directx12_work\directx12_6\directx12\directx12\directx12turuliblary\directx12turuliblary\directx12turuliblary\x64\release\directx12turuliblary.pdb
c:\users\vtyye\desktop\workspace\directx12_work\directx12_6\directx12\directx12\directx12turuliblary\directx12turuliblary\directx12turuliblary\x64\release\stdafx.obj
c:\users\vtyye\desktop\workspace\directx12_work\directx12_6\directx12\directx12\directx12turuliblary\directx12turuliblary\directx12turuliblary\x64\release\bmptexturecreate.obj
c:\users\vtyye\desktop\workspace\directx12_work\directx12_6\directx12\directx12\directx12turuliblary\directx12turuliblary\directx12turuliblary\x64\release\swapchainviewcreate.obj
c:\users\vtyye\desktop\workspace\directx12_work\directx12_6\directx12\directx12\directx12turuliblary\directx12turuliblary\directx12turuliblary\x64\release\swapchaincreate.obj
c:\users\vtyye\desktop\workspace\directx12_work\directx12_6\directx12\directx12\directx12turuliblary\directx12turuliblary\directx12turuliblary\x64\release\shadacreate.obj
c:\users\vtyye\desktop\workspace\directx12_work\directx12_6\directx12\directx12\directx12turuliblary\directx12turuliblary\directx12turuliblary\x64\release\samplercreate.obj
c:\users\vtyye\desktop\workspace\directx12_work\directx12_6\directx12\directx12\directx12turuliblary\directx12turuliblary\directx12turuliblary\x64\release\rootsignaturecreate.obj
c:\users\vtyye\desktop\workspace\directx12_work\directx12_6\directx12\directx12\directx12turuliblary\directx12turuliblary\directx12turuliblary\x64\release\resourcebarrier.obj
c:\users\vtyye\desktop\workspace\directx12_work\directx12_6\directx12\directx12\directx12turuliblary\directx12turuliblary\directx12turuliblary\x64\release\rendertargetcreate.obj
c:\users\vtyye\desktop\workspace\directx12_work\directx12_6\directx12\directx12\directx12turuliblary\directx12turuliblary\directx12turuliblary\x64\release\pipelinestatecreate.obj
c:\users\vtyye\desktop\workspace\directx12_work\directx12_6\directx12\directx12\directx12turuliblary\directx12turuliblary\directx12turuliblary\x64\release\resocemapunmap.obj
c:\users\vtyye\desktop\workspace\directx12_work\directx12_6\directx12\directx12\directx12turuliblary\directx12turuliblary\directx12turuliblary\x64\release\indexbufferview.obj
c:\users\vtyye\desktop\workspace\directx12_work\directx12_6\directx12\directx12\directx12turuliblary\directx12turuliblary\directx12turuliblary\x64\release\indexbuffercreate.obj
c:\users\vtyye\desktop\workspace\directx12_work\directx12_6\directx12\directx12\directx12turuliblary\directx12turuliblary\directx12turuliblary\x64\release\fencecreate.obj
c:\users\vtyye\desktop\workspace\directx12_work\directx12_6\directx12\directx12\directx12turuliblary\directx12turuliblary\directx12turuliblary\x64\release\dxgifactorycreate.obj
c:\users\vtyye\desktop\workspace\directx12_work\directx12_6\directx12\directx12\directx12turuliblary\directx12turuliblary\directx12turuliblary\x64\release\depthcreate.obj
c:\users\vtyye\desktop\workspace\directx12_work\directx12_6\directx12\directx12\directx12turuliblary\directx12turuliblary\directx12turuliblary\x64\release\d3d12devicecreate.obj
c:\users\vtyye\desktop\workspace\directx12_work\directx12_6\directx12\directx12\directx12turuliblary\directx12turuliblary\directx12turuliblary\x64\release\constantbufferviewcreate.obj
c:\users\vtyye\desktop\workspace\directx12_work\directx12_6\directx12\directx12\directx12turuliblary\directx12turuliblary\directx12turuliblary\x64\release\constancebuffercreate.obj
c:\users\vtyye\desktop\workspace\directx12_work\directx12_6\directx12\directx12\directx12turuliblary\directx12turuliblary\directx12turuliblary\x64\release\computeshadacreate.obj
c:\users\vtyye\desktop\workspace\directx12_work\directx12_6\directx12\directx12\directx12turuliblary\directx12turuliblary\directx12turuliblary\x64\release\comandcreate.obj
c:\users\vtyye\desktop\workspace\directx12_work\directx12_6\directx12\directx12\directx12turuliblary\directx12turuliblary\directx12turuliblary\x64\release\wictextureloader12.obj
c:\users\vtyye\desktop\workspace\directx12_work\directx12_6\directx12\directx12\directx12turuliblary\directx12turuliblary\directx12turuliblary\x64\release\wictextureloader.obj
c:\users\vtyye\desktop\workspace\directx12_work\directx12_6\directx12\directx12\directx12turuliblary\directx12turuliblary\directx12turuliblary\x64\release\rand.obj
c:\users\vtyye\desktop\workspace\directx12_work\directx12_6\directx12\directx12\directx12turuliblary\directx12turuliblary\directx12turuliblary\x64\release\wictextexturecreate.obj
c:\users\vtyye\desktop\workspace\directx12_work\directx12_6\directx12\directx12\directx12turuliblary\directx12turuliblary\directx12turuliblary\x64\release\vertexbufferview.obj
c:\users\vtyye\desktop\workspace\directx12_work\directx12_6\directx12\directx12\directx12turuliblary\directx12turuliblary\directx12turuliblary\x64\release\vertexbuffercreate.obj
c:\users\vtyye\desktop\workspace\directx12_work\directx12_6\directx12\directx12\directx12turuliblary\directx12turuliblary\directx12turuliblary\x64\release\texturecreate.obj
c:\users\vtyye\desktop\workspace\directx12_work\directx12_6\directx12\directx12\directx12turuliblary\directx12turuliblary\x64\release\directx12turuliblary.lib
c:\users\vtyye\desktop\workspace\directx12_work\directx12_6\directx12\directx12\directx12turuliblary\directx12turuliblary\directx12turuliblary\x64\release\directx1.37b13d42.tlog\cl.command.1.tlog
c:\users\vtyye\desktop\workspace\directx12_work\directx12_6\directx12\directx12\directx12turuliblary\directx12turuliblary\directx12turuliblary\x64\release\directx1.37b13d42.tlog\cl.read.1.tlog
c:\users\vtyye\desktop\workspace\directx12_work\directx12_6\directx12\directx12\directx12turuliblary\directx12turuliblary\directx12turuliblary\x64\release\directx1.37b13d42.tlog\cl.write.1.tlog
c:\users\vtyye\desktop\workspace\directx12_work\directx12_6\directx12\directx12\directx12turuliblary\directx12turuliblary\directx12turuliblary\x64\release\directx1.37b13d42.tlog\lib-link.read.1.tlog
c:\users\vtyye\desktop\workspace\directx12_work\directx12_6\directx12\directx12\directx12turuliblary\directx12turuliblary\directx12turuliblary\x64\release\directx1.37b13d42.tlog\lib-link.write.1.tlog
c:\users\vtyye\desktop\workspace\directx12_work\directx12_6\directx12\directx12\directx12turuliblary\directx12turuliblary\directx12turuliblary\x64\release\directx1.37b13d42.tlog\lib.command.1.tlog
